TN:
SF:C:\Users\yulia\git\JavaScriptDataStructuresAlgorithms\src\algorithms\anagrams\/anagrams.js
FN:4,formatString
FN:7,isAnagram
FNF:2
FNH:2
FNDA:13,formatString
FNDA:6,isAnagram
DA:1,1
DA:2,1
DA:4,13
DA:7,1
DA:8,6
DA:9,6
DA:11,6
LF:7
LH:7
BRF:0
BRH:0
end_of_record
TN:
SF:C:\Users\yulia\git\JavaScriptDataStructuresAlgorithms\src\algorithms\anagrams\/letter-count.js
FN:4,getLetterCount
FN:8,(anonymous_1)
FNF:2
FNH:2
FNDA:15,getLetterCount
FNDA:95,(anonymous_1)
DA:4,1
DA:5,15
DA:6,15
DA:8,15
DA:9,95
DA:10,81
DA:12,14
DA:16,15
LF:8
LH:8
BRDA:9,0,0,81
BRDA:9,0,1,14
BRF:2
BRH:2
end_of_record
